<?xml version="1.0" encoding="UTF-8"?>
<!-- Generated by org.testng.reporters.JUnitXMLReporter -->
<testsuite hostname="DESKTOP-FS13OME" ignored="0" name="Default test" tests="3" failures="0" timestamp="2021-09-23T17:52:07 IST" time="53.252" errors="0">
  <testcase name="url_Credentials" time="21.365" classname="com.Test_NG_Project.Mini_Project_Dataprovider"/>
  <testcase name="url_Credentials" time="16.472" classname="com.Test_NG_Project.Mini_Project_Dataprovider"/>
  <testcase name="login" time="15.257" classname="com.Test_NG_Project.Mini_Project_Dataprovider"/>
</testsuite> <!-- Default test -->
