<?xml version="1.0" encoding="UTF-8"?>
<!-- Generated by org.testng.reporters.JUnitXMLReporter -->
<testsuite hostname="DESKTOP-FS13OME" ignored="2" name="Test" tests="4" failures="0" timestamp="2021-09-21T15:21:12 IST" time="0.072" errors="0">
  <testcase name="laptops" time="0.009" classname="com.testNG_Features.Grouping_Test"/>
  <testcase name="microwave_Oven" time="0.001" classname="com.testNG_Features.Grouping_Test"/>
  <testcase name="mobiles" time="0.002" classname="com.testNG_Features.Grouping_Test"/>
  <testcase name="washing_Machines" time="0.002" classname="com.testNG_Features.Grouping_Test"/>
  <testcase name="wynk" time="0.0" classname="com.testNG_Features.Grouping_Test">
    <ignored/>
  </testcase> <!-- wynk -->
  <testcase name="gaana" time="0.0" classname="com.testNG_Features.Grouping_Test">
    <ignored/>
  </testcase> <!-- gaana -->
</testsuite> <!-- Test -->
